[debug] [2022-12-05T20:04:51.173Z] ----------------------------------------------------------------------
[debug] [2022-12-05T20:04:51.175Z] Command:       C:\Program Files\nodejs\node.exe C:\Users\ahmme\AppData\Roaming\npm\node_modules\firebase-tools\lib\bin\firebase.js init
[debug] [2022-12-05T20:04:51.175Z] CLI Version:   11.16.1
[debug] [2022-12-05T20:04:51.176Z] Platform:      win32
[debug] [2022-12-05T20:04:51.176Z] Node Version:  v16.15.0
[debug] [2022-12-05T20:04:51.177Z] Time:          Mon Dec 05 2022 23:04:51 GMT+0300 (GMT+03:00)
[debug] [2022-12-05T20:04:51.177Z] ----------------------------------------------------------------------
[debug] 
[debug] [2022-12-05T20:04:51.186Z] > command requires scopes: ["email","openid","https://www.googleapis.com/auth/cloudplatformprojects.readonly","https://www.googleapis.com/auth/firebase","https://www.googleapis.com/auth/cloud-platform"]
[debug] [2022-12-05T20:04:51.187Z] > authorizing via signed-in user (ahmmedsanad00@gmail.com)
[info] 
     ######## #### ########  ######## ########     ###     ######  ########
     ##        ##  ##     ## ##       ##     ##  ##   ##  ##       ##
     ######    ##  ########  ######   ########  #########  ######  ######
     ##        ##  ##    ##  ##       ##     ## ##     ##       ## ##
     ##       #### ##     ## ######## ########  ##     ##  ######  ########

You're about to initialize a Firebase project in this directory:

  D:\2023\front-end\manage-landing-page-tailwindcss

[info] 
=== Project Setup
[info] 
[info] First, let's associate this project directory with a Firebase project.
[info] You can create multiple project aliases by running firebase use --add, 
[info] but for now we'll just set up a default project.
[info] 
[debug] [2022-12-05T20:06:49.045Z] > refreshing access token with scopes: []
[debug] [2022-12-05T20:06:49.049Z] >>> [apiv2][query] POST https://www.googleapis.com/oauth2/v3/token [none]
[debug] [2022-12-05T20:06:49.050Z] >>> [apiv2][body] POST https://www.googleapis.com/oauth2/v3/token [omitted]
[debug] [2022-12-05T20:06:49.388Z] <<< [apiv2][status] POST https://www.googleapis.com/oauth2/v3/token 200
[debug] [2022-12-05T20:06:49.388Z] <<< [apiv2][body] POST https://www.googleapis.com/oauth2/v3/token [omitted]
[debug] [2022-12-05T20:06:49.581Z] >>> [apiv2][query] GET https://firebase.googleapis.com/v1beta1/projects pageSize=100
[debug] [2022-12-05T20:06:50.187Z] <<< [apiv2][status] GET https://firebase.googleapis.com/v1beta1/projects 200
[debug] [2022-12-05T20:06:50.187Z] <<< [apiv2][body] GET https://firebase.googleapis.com/v1beta1/projects [omitted]
[info] i  Using project manage-page (manage-page) 
[info] 
=== Hosting Setup
[info] 
[info] Your public directory is the folder (relative to your project directory) that
[info] will contain Hosting assets to be uploaded with firebase deploy. If you
[info] have a build process for your assets, use your build's output directory.
[info] 
